make all --print-data-base --no-builtin-variables --no-builtin-rules --question
# GNU Make 4.2.1
# Built for x86_64-pc-linux-gnu
# Copyright (C) 1988-2016 Free Software Foundation, Inc.
# License GPLv3+: GNU GPL version 3 or later <http://gnu.org/licenses/gpl.html>
# This is free software: you are free to change and redistribute it.
# There is NO WARRANTY, to the extent permitted by law.

# Make data base, printed on Wed Dec 22 17:15:22 2021

# Variables

# automatic
<D = $(patsubst %/,%,$(dir $<))
# automatic
?F = $(notdir $?)
# environment
DESKTOP_SESSION = ubuntu
# default
.SHELLFLAGS := -c
# makefile (from 'Makefile', line 18)
OBJ = $(addprefix $(OBJDIR),$(SRC:.cpp=.o))
# makefile (from 'Makefile', line 24)
INCDIR = ./
# environment
XDG_SESSION_CLASS = user
# makefile (from 'Makefile', line 15)
SRC = main.cpp Bureaucrat.cpp 
# environment
XDG_SESSION_TYPE = x11
# environment
VSCODE_LOG_NATIVE = false
# automatic
?D = $(patsubst %/,%,$(dir $?))
# automatic
@D = $(patsubst %/,%,$(dir $@))
# environment
XAUTHORITY = /mnt/nfs/homes/vgallois/.Xauthority
# environment
GDMSESSION = ubuntu
# environment
XMODIFIERS = @im=ibus
# makefile
CURDIR := /mnt/nfs/homes/vgallois/Desktop/gitgud/cpp05/ex00
# makefile
SHELL = /bin/sh
# environment
VSCODE_NLS_CONFIG = {"locale":"en-us","availableLanguages":{},"_languagePackSupport":true}
# environment
_ = /usr/share/code/code
# makefile (from 'Makefile', line 21)
CFLAGS = -Wall -Wextra -Werror --std=c++98
# environment
JOURNAL_STREAM = 9:2658997
# environment
XDG_CONFIG_DIRS = /etc/xdg/xdg-ubuntu:/etc/xdg
# makefile (from 'Makefile', line 1)
MAKEFILE_LIST :=  Makefile
# automatic
@F = $(notdir $@)
# environment
GIO_LAUNCHED_DESKTOP_FILE = /usr/share/applications/code.desktop
# 'override' directive
GNUMAKEFLAGS := 
# environment
MANDATORY_PATH = /usr/share/gconf/ubuntu.mandatory.path
# environment
XDG_DATA_DIRS = /usr/share/gnome:/usr/share/ubuntu:/mnt/nfs/homes/vgallois/.local/share/flatpak/exports/share:/var/lib/flatpak/exports/share:/usr/local/share:/usr/share:/var/lib/snapd/desktop
# environment
DBUS_SESSION_BUS_ADDRESS = unix:path=/run/user/35925/bus
# environment
VSCODE_VERBOSE_LOGGING = true
# environment
MANAGERPID = 670254
# environment
VSCODE_IPC_HOOK_EXTHOST = /run/user/35925/vscode-ipc-5be4937c-7755-427d-a173-402fa75cdae9.sock
# environment
VSCODE_CWD = /mnt/nfs/homes/vgallois
# environment
XDG_SESSION_PATH = /org/freedesktop/DisplayManager/Session15
# environment
KRB5CCNAME = FILE:/tmp/krb5cc_35925_ZpCRby
# default
MAKE_HOST := x86_64-pc-linux-gnu
# environment
PATH = /mnt/nfs/homes/vgallois/bin:/usr/local/sbin:/usr/local/bin:/usr/sbin:/usr/bin:/sbin:/bin:/usr/games:/usr/local/games:/snap/bin
# environment
GPG_AGENT_INFO = /run/user/35925/gnupg/S.gpg-agent:0:1
# environment
LSCOLORS = Gxfxcxdxbxegedabagacad
# environment
SESSION_MANAGER = local/e2r12p13.clusters.42paris.fr:@/tmp/.ICE-unix/670572,unix/e2r12p13.clusters.42paris.fr:/tmp/.ICE-unix/670572
# environment
XDG_RUNTIME_DIR = /run/user/35925
# environment
XDG_MENU_PREFIX = gnome-
# environment
VSCODE_LOG_STACK = false
# environment
VSCODE_CRASH_REPORTER_START_OPTIONS = {"companyName":"Microsoft","productName":"VSCode","submitURL":"appcenter://code?aid=fba07a4d-84bd-4fc8-a125-9640fc8ce171&uid=446efccc-0526-4fd4-a05c-04a00375a72a&iid=446efccc-0526-4fd4-a05c-04a00375a72a&sid=446efccc-0526-4fd4-a05c-04a00375a72a","uploadToServer":true}
# environment
INVOCATION_ID = 8452e4ef36f1407c8ec00cef7eebf5bb
# default
.FEATURES := target-specific order-only second-expansion else-if shortest-stem undefine oneshell archives jobserver output-sync check-symlink load
# environment
XDG_GREETER_DATA_DIR = /var/lib/lightdm-data/vgallois
# environment
LS_COLORS = 
# environment
XDG_SESSION_DESKTOP = ubuntu
# environment
SSH_AUTH_SOCK = /run/user/35925/keyring/ssh
# environment
GIO_LAUNCHED_DESKTOP_FILE_PID = 702490
# automatic
%F = $(notdir $%)
# environment
DISPLAY = :0
# makefile (from 'Makefile', line 23)
SRCDIR = ./
# environment
VSCODE_PIPE_LOGGING = true
# environment
PWD = /mnt/nfs/homes/vgallois/Desktop/gitgud/cpp05/ex00
# default
.LOADED := 
# environment
SSH_AGENT_PID = 670536
# environment
ORIGINAL_XDG_CURRENT_DESKTOP = ubuntu:GNOME
# environment
GTK_MODULES = gail:atk-bridge
# environment
VSCODE_AMD_ENTRYPOINT = vs/workbench/services/extensions/node/extensionHostProcess
# environment
HOME = /mnt/nfs/homes/vgallois
# environment
VSCODE_CODE_CACHE_PATH = /mnt/nfs/homes/vgallois/.config/Code/CachedData/b3318bc0524af3d74034b8bb8a64df0ccf35549a
# environment
LOGNAME = vgallois
# environment
APPLICATION_INSIGHTS_NO_DIAGNOSTIC_CHANNEL = true
# environment
ZSH = /mnt/nfs/homes/vgallois/.oh-my-zsh
# environment
VSCODE_HANDLES_UNCAUGHT_ERRORS = true
# environment
GNOME_DESKTOP_SESSION_ID = this-is-deprecated
# automatic
^D = $(patsubst %/,%,$(dir $^))
# environment
MAKELEVEL := 0
# default
MAKE = $(MAKE_COMMAND)
# default
MAKECMDGOALS := all
# environment
QT_IM_MODULE = ibus
# environment
SHLVL = 0
# makefile (from 'Makefile', line 20)
CC = clang++
# environment
IM_CONFIG_PHASE = 1
# default
MAKE_VERSION := 4.2.1
# environment
USER = vgallois
# makefile
.DEFAULT_GOAL := all
# environment
XDG_CURRENT_DESKTOP = Unity
# makefile (from 'Makefile', line 13)
NAME = bureaucrat
# environment
LESS = -R
# automatic
%D = $(patsubst %/,%,$(dir $%))
# default
MAKE_COMMAND := make
# environment
OLDPWD = /mnt/nfs/homes/vgallois
# default
.VARIABLES := 
# automatic
*F = $(notdir $*)
# environment
XDG_SEAT_PATH = /org/freedesktop/DisplayManager/Seat0
# environment
VSCODE_IPC_HOOK = /run/user/35925/vscode-01e99265-1.62.0-main.sock
# makefile
MAKEFLAGS = pqrR
# environment
MFLAGS = -pqrR
# automatic
*D = $(patsubst %/,%,$(dir $*))
# environment
BREAKPAD_DUMP_LOCATION = /mnt/nfs/homes/vgallois/.config/Code/exthost Crash Reports
# automatic
+D = $(patsubst %/,%,$(dir $+))
# environment
GDK_BACKEND = x11
# automatic
+F = $(notdir $+)
# environment
QT_ACCESSIBILITY = 1
# environment
DEFAULTS_PATH = /usr/share/gconf/ubuntu.default.path
# default
MAKEFILES := 
# automatic
<F = $(notdir $<)
# environment
ELECTRON_RUN_AS_NODE = 1
# makefile (from 'Makefile', line 25)
OBJDIR = ./obj/
# environment
PAGER = less
# environment
LC_ALL = C
# environment
GJS_DEBUG_TOPICS = JS ERROR;JS LOG
# automatic
^F = $(notdir $^)
# default
SUFFIXES := 
# environment
CHROME_DESKTOP = code-url-handler.desktop
# default
.INCLUDE_DIRS = /usr/include /usr/local/include /usr/include
# environment
GJS_DEBUG_OUTPUT = stderr
# default
.RECIPEPREFIX := 
# environment
LANG = C
# environment
DOCKER_HOST = unix:///run/user/35925/docker.sock
# environment
VSCODE_PID = 702490
# variable set hash-table stats:
# Load=114/1024=11%, Rehash=0, Collisions=14/146=10%

# Pattern-specific Variable Values

# No pattern-specific variable values.

# Directories

# . (device 58, inode 126425181): 9 files, no impossibilities.

# 9 files, no impossibilities in 1 directories.

# Implicit Rules

obj/%.o: %.cpp
#  recipe to execute (from 'Makefile', line 33):
	$(CC) $(CFLAGS) -I $(INCDIR) -o $@ -c $<

# 1 implicit rules, 0 (0.0%) terminal.

# Files

# Not a target:
Bureaucrat.cpp:
#  Implicit rule search has been done.
#  Last modified 2021-12-22 16:32:11.678487493
#  File has been updated.
#  Successfully updated.

obj/Bureaucrat.o: Bureaucrat.cpp
#  Implicit rule search has been done.
#  Implicit/static pattern stem: 'Bureaucrat'
#  Last modified 2021-12-22 16:51:12.664951338
#  File has been updated.
#  Successfully updated.
#  recipe to execute (from 'Makefile', line 33):
	$(CC) $(CFLAGS) -I $(INCDIR) -o $@ -c $<

all: obj bureaucrat
#  Phony target (prerequisite of .PHONY).
#  Command line target.
#  Implicit rule search has not been done.
#  File does not exist.
#  File has been updated.
#  Successfully updated.

.PHONY: all clean fclean re
#  Implicit rule search has not been done.
#  Modification time never checked.
#  File has not been updated.
 

obj/main.o: main.cpp
#  Implicit rule search has been done.
#  Implicit/static pattern stem: 'main'
#  Last modified 2021-12-22 16:51:12.460950395
#  File has been updated.
#  Successfully updated.
#  recipe to execute (from 'Makefile', line 33):
	$(CC) $(CFLAGS) -I $(INCDIR) -o $@ -c $<

# Not a target:
Makefile:
#  Implicit rule search has been done.
#  Last modified 2021-12-22 15:43:13.582077868
#  File has been updated.
#  Successfully updated.

# Not a target:
main.cpp:
#  Implicit rule search has been done.
#  Last modified 2021-12-22 15:54:51.560576165
#  File has been updated.
#  Successfully updated.

bureaucrat: obj/main.o obj/Bureaucrat.o
#  Implicit rule search has not been done.
#  Last modified 2021-12-22 16:51:12.744951708
#  File has been updated.
#  Successfully updated.
#  recipe to execute (from 'Makefile', line 36):
	$(CC) $(OBJ) -lm -o $(NAME)

fclean: clean
#  Phony target (prerequisite of .PHONY).
#  Implicit rule search has not been done.
#  File does not exist.
#  File has not been updated.
#  recipe to execute (from 'Makefile', line 42):
	rm -rf $(NAME)

obj:
#  Implicit rule search has not been done.
#  Last modified 2021-12-22 16:51:12.664951338
#  File has been updated.
#  Successfully updated.
#  recipe to execute (from 'Makefile', line 30):
	mkdir -p $(OBJDIR)

# Not a target:
.DEFAULT:
#  Implicit rule search has not been done.
#  Modification time never checked.
#  File has not been updated.

re: fclean all
#  Phony target (prerequisite of .PHONY).
#  Implicit rule search has not been done.
#  File does not exist.
#  File has not been updated.

clean:
#  Phony target (prerequisite of .PHONY).
#  Implicit rule search has not been done.
#  File does not exist.
#  File has not been updated.
#  recipe to execute (from 'Makefile', line 39):
	rm -rf $(OBJDIR)

# files hash-table stats:
# Load=14/1024=1%, Rehash=0, Collisions=0/44=0%
# VPATH Search Paths

# No 'vpath' search paths.

# No general ('VPATH' variable) search path.

# strcache buffers: 1 (0) / strings = 24 / storage = 212 B / avg = 8 B
# current buf: size = 8162 B / used = 212 B / count = 24 / avg = 8 B

# strcache performance: lookups = 51 / hit rate = 52%
# hash-table stats:
# Load=24/8192=0%, Rehash=0, Collisions=1/51=2%
# Finished Make data base on Wed Dec 22 17:15:22 2021

 
